# JRE version: OpenJDK Runtime Environment (11.0.10) (build 11.0.10+0-b96-7249189)
# Java VM: OpenJDK 64-Bit Server VM (11.0.10+0-b96-7249189, mixed mode, tiered, compressed oops, g1 gc, windows-amd64)
Heap:
 garbage-first heap   total 635904K, used 233585K [0x0000000080000000, 0x0000000100000000)
  region size 1024K, 2 young (2048K), 2 survivors (2048K)
 Metaspace       used 134249K, capacity 138336K, committed 140364K, reserved 1169408K
  class space    used 17515K, capacity 19021K, committed 19788K, reserved 1048576K
GC Heap History (20 events):
Event: 215.769 GC heap after
{Heap after GC invocations=33 (full 0):
 garbage-first heap   total 262144K, used 216064K [0x0000000080000000, 0x0000000100000000)
  region size 1024K, 3 young (3072K), 3 survivors (3072K)
 Metaspace       used 134098K, capacity 138265K, committed 140108K, reserved 1169408K
  class space    used 17572K, capacity 19127K, committed 19788K, reserved 1048576K
}
Event: 215.799 GC heap before
{Heap before GC invocations=33 (full 0):
 garbage-first heap   total 262144K, used 225280K [0x0000000080000000, 0x0000000100000000)
  region size 1024K, 12 young (12288K), 3 survivors (3072K)
 Metaspace       used 134100K, capacity 138265K, committed 140108K, reserved 1169408K
  class space    used 17572K, capacity 19127K, committed 19788K, reserved 1048576K
}
Event: 215.806 GC heap after
{Heap after GC invocations=34 (full 0):
 garbage-first heap   total 262144K, used 221765K [0x0000000080000000, 0x0000000100000000)
  region size 1024K, 2 young (2048K), 2 survivors (2048K)
 Metaspace       used 134100K, capacity 138265K, committed 140108K, reserved 1169408K
  class space    used 17572K, capacity 19127K, committed 19788K, reserved 1048576K
}
Event: 215.847 GC heap before
{Heap before GC invocations=34 (full 0):
 garbage-first heap   total 262144K, used 230981K [0x0000000080000000, 0x0000000100000000)
  region size 1024K, 12 young (12288K), 2 survivors (2048K)
 Metaspace       used 134100K, capacity 138265K, committed 140108K, reserved 1169408K
  class space    used 17572K, capacity 19127K, committed 19788K, reserved 1048576K
}
Event: 215.854 GC heap after
{Heap after GC invocations=35 (full 0):
 garbage-first heap   total 262144K, used 227595K [0x0000000080000000, 0x0000000100000000)
  region size 1024K, 2 young (2048K), 2 survivors (2048K)
 Metaspace       used 134100K, capacity 138265K, committed 140108K, reserved 1169408K
  class space    used 17572K, capacity 19127K, committed 19788K, reserved 1048576K
}
Event: 215.947 GC heap before
{Heap before GC invocations=35 (full 0):
 garbage-first heap   total 262144K, used 237835K [0x0000000080000000, 0x0000000100000000)
  region size 1024K, 12 young (12288K), 2 survivors (2048K)
 Metaspace       used 133945K, capacity 138011K, committed 140108K, reserved 1169408K
  class space    used 17512K, capacity 19016K, committed 19788K, reserved 1048576K
}
Event: 215.954 GC heap after
{Heap after GC invocations=36 (full 0):
 garbage-first heap   total 262144K, used 233345K [0x0000000080000000, 0x0000000100000000)
  region size 1024K, 2 young (2048K), 2 survivors (2048K)
 Metaspace       used 133945K, capacity 138011K, committed 140108K, reserved 1169408K
  class space    used 17512K, capacity 19016K, committed 19788K, reserved 1048576K
}
Event: 216.018 GC heap before
{Heap before GC invocations=37 (full 0):
 garbage-first heap   total 262144K, used 242561K [0x0000000080000000, 0x0000000100000000)
  region size 1024K, 12 young (12288K), 2 survivors (2048K)
 Metaspace       used 134019K, capacity 138089K, committed 140108K, reserved 1169408K
  class space    used 17512K, capacity 19016K, committed 19788K, reserved 1048576K
}
Event: 216.025 GC heap after
{Heap after GC invocations=38 (full 0):
 garbage-first heap   total 262144K, used 235748K [0x0000000080000000, 0x0000000100000000)
  region size 1024K, 2 young (2048K), 2 survivors (2048K)
 Metaspace       used 134019K, capacity 138089K, committed 140108K, reserved 1169408K
  class space    used 17512K, capacity 19016K, committed 19788K, reserved 1048576K
}
Event: 216.092 GC heap before
{Heap before GC invocations=38 (full 0):
 garbage-first heap   total 262144K, used 245988K [0x0000000080000000, 0x0000000100000000)
  region size 1024K, 12 young (12288K), 2 survivors (2048K)
 Metaspace       used 134094K, capacity 138197K, committed 140108K, reserved 1169408K
  class space    used 17517K, capacity 19026K, committed 19788K, reserved 1048576K
}
Event: 216.099 GC heap after
{Heap after GC invocations=39 (full 0):
 garbage-first heap   total 262144K, used 235779K [0x0000000080000000, 0x0000000100000000)
  region size 1024K, 2 young (2048K), 2 survivors (2048K)
 Metaspace       used 134094K, capacity 138197K, committed 140108K, reserved 1169408K
  class space    used 17517K, capacity 19026K, committed 19788K, reserved 1048576K
}
Event: 216.155 GC heap before
{Heap before GC invocations=39 (full 0):
 garbage-first heap   total 262144K, used 246019K [0x0000000080000000, 0x0000000100000000)
  region size 1024K, 12 young (12288K), 2 survivors (2048K)
 Metaspace       used 134100K, capacity 138199K, committed 140108K, reserved 1169408K
  class space    used 17517K, capacity 19026K, committed 19788K, reserved 1048576K
}
Event: 216.162 GC heap after
{Heap after GC invocations=40 (full 0):
 garbage-first heap   total 345088K, used 237057K [0x0000000080000000, 0x0000000100000000)
  region size 1024K, 2 young (2048K), 2 survivors (2048K)
 Metaspace       used 134100K, capacity 138199K, committed 140108K, reserved 1169408K
  class space    used 17517K, capacity 19026K, committed 19788K, reserved 1048576K
}
Event: 216.445 GC heap before
{Heap before GC invocations=40 (full 0):
 garbage-first heap   total 345088K, used 257537K [0x0000000080000000, 0x0000000100000000)
  region size 1024K, 33 young (33792K), 2 survivors (2048K)
 Metaspace       used 134185K, capacity 138267K, committed 140364K, reserved 1169408K
  class space    used 17514K, capacity 19021K, committed 19788K, reserved 1048576K
}
Event: 216.453 GC heap after
{Heap after GC invocations=41 (full 0):
 garbage-first heap   total 345088K, used 230575K [0x0000000080000000, 0x0000000100000000)
  region size 1024K, 5 young (5120K), 5 survivors (5120K)
 Metaspace       used 134185K, capacity 138267K, committed 140364K, reserved 1169408K
  class space    used 17514K, capacity 19021K, committed 19788K, reserved 1048576K
}
Event: 216.654 GC heap before
{Heap before GC invocations=42 (full 0):
 garbage-first heap   total 345088K, used 272559K [0x0000000080000000, 0x0000000100000000)
  region size 1024K, 41 young (41984K), 5 survivors (5120K)
 Metaspace       used 134199K, capacity 138267K, committed 140364K, reserved 1169408K
  class space    used 17515K, capacity 19021K, committed 19788K, reserved 1048576K
}
Event: 216.665 GC heap after
{Heap after GC invocations=43 (full 0):
 garbage-first heap   total 345088K, used 239398K [0x0000000080000000, 0x0000000100000000)
  region size 1024K, 4 young (4096K), 4 survivors (4096K)
 Metaspace       used 134199K, capacity 138267K, committed 140364K, reserved 1169408K
  class space    used 17515K, capacity 19021K, committed 19788K, reserved 1048576K
}
Event: 216.726 GC heap before
{Heap before GC invocations=43 (full 0):
 garbage-first heap   total 345088K, used 251686K [0x0000000080000000, 0x0000000100000000)
  region size 1024K, 16 young (16384K), 4 survivors (4096K)
 Metaspace       used 134209K, capacity 138331K, committed 140364K, reserved 1169408K
  class space    used 17515K, capacity 19021K, committed 19788K, reserved 1048576K
}
Event: 216.739 GC heap after
{Heap after GC invocations=44 (full 0):
 garbage-first heap   total 345088K, used 233511K [0x0000000080000000, 0x0000000100000000)
  region size 1024K, 2 young (2048K), 2 survivors (2048K)
 Metaspace       used 134209K, capacity 138331K, committed 140364K, reserved 1169408K
  class space    used 17515K, capacity 19021K, committed 19788K, reserved 1048576K
}
Event: 216.864 GC heap before
{Heap before GC invocations=44 (full 0):
 garbage-first heap   total 345088K, used 239655K [0x0000000080000000, 0x0000000100000000)
  region size 1024K, 10 young (10240K), 2 survivors (2048K)
 Metaspace       used 134249K, capacity 138336K, committed 140364K, reserved 1169408K
  class space    used 17515K, capacity 19021K, committed 19788K, reserved 1048576K
}

