# JRE version: OpenJDK Runtime Environment (11.0.10) (build 11.0.10+0-b96-7249189)
# Java VM: OpenJDK 64-Bit Server VM (11.0.10+0-b96-7249189, mixed mode, tiered, compressed oops, g1 gc, windows-amd64)
Heap:
 garbage-first heap   total 614400K, used 293644K [0x0000000080000000, 0x0000000100000000)
  region size 1024K, 2 young (2048K), 2 survivors (2048K)
 Metaspace       used 192931K, capacity 201100K, committed 201420K, reserved 1222656K
  class space    used 24638K, capacity 27512K, committed 27596K, reserved 1048576K
GC Heap History (20 events):
Event: 7820.590 GC heap after
{Heap after GC invocations=112 (full 1):
 garbage-first heap   total 345088K, used 261022K [0x0000000080000000, 0x0000000100000000)
  region size 1024K, 6 young (6144K), 6 survivors (6144K)
 Metaspace       used 192431K, capacity 200587K, committed 200908K, reserved 1222656K
  class space    used 24619K, capacity 27503K, committed 27596K, reserved 1048576K
}
Event: 7820.807 GC heap before
{Heap before GC invocations=112 (full 1):
 garbage-first heap   total 345088K, used 284574K [0x0000000080000000, 0x0000000100000000)
  region size 1024K, 30 young (30720K), 6 survivors (6144K)
 Metaspace       used 192606K, capacity 200752K, committed 201164K, reserved 1222656K
  class space    used 24629K, capacity 27499K, committed 27596K, reserved 1048576K
}
Event: 7820.823 GC heap after
{Heap after GC invocations=113 (full 1):
 garbage-first heap   total 345088K, used 267532K [0x0000000080000000, 0x0000000100000000)
  region size 1024K, 4 young (4096K), 4 survivors (4096K)
 Metaspace       used 192606K, capacity 200752K, committed 201164K, reserved 1222656K
  class space    used 24629K, capacity 27499K, committed 27596K, reserved 1048576K
}
Event: 7821.021 GC heap before
{Heap before GC invocations=114 (full 1):
 garbage-first heap   total 345088K, used 289036K [0x0000000080000000, 0x0000000100000000)
  region size 1024K, 26 young (26624K), 4 survivors (4096K)
 Metaspace       used 192644K, capacity 200833K, committed 201164K, reserved 1222656K
  class space    used 24632K, capacity 27503K, committed 27596K, reserved 1048576K
}
Event: 7821.032 GC heap after
{Heap after GC invocations=115 (full 1):
 garbage-first heap   total 345088K, used 271724K [0x0000000080000000, 0x0000000100000000)
  region size 1024K, 4 young (4096K), 4 survivors (4096K)
 Metaspace       used 192644K, capacity 200833K, committed 201164K, reserved 1222656K
  class space    used 24632K, capacity 27503K, committed 27596K, reserved 1048576K
}
Event: 7821.077 GC heap before
{Heap before GC invocations=115 (full 1):
 garbage-first heap   total 345088K, used 284012K [0x0000000080000000, 0x0000000100000000)
  region size 1024K, 16 young (16384K), 4 survivors (4096K)
 Metaspace       used 192710K, capacity 200858K, committed 201164K, reserved 1222656K
  class space    used 24635K, capacity 27507K, committed 27596K, reserved 1048576K
}
Event: 7821.085 GC heap after
{Heap after GC invocations=116 (full 1):
 garbage-first heap   total 345088K, used 268022K [0x0000000080000000, 0x0000000100000000)
  region size 1024K, 2 young (2048K), 2 survivors (2048K)
 Metaspace       used 192710K, capacity 200858K, committed 201164K, reserved 1222656K
  class space    used 24635K, capacity 27507K, committed 27596K, reserved 1048576K
}
Event: 7821.153 GC heap before
{Heap before GC invocations=116 (full 1):
 garbage-first heap   total 345088K, used 281334K [0x0000000080000000, 0x0000000100000000)
  region size 1024K, 17 young (17408K), 2 survivors (2048K)
 Metaspace       used 192728K, capacity 200923K, committed 201164K, reserved 1222656K
  class space    used 24635K, capacity 27507K, committed 27596K, reserved 1048576K
}
Event: 7821.160 GC heap after
{Heap after GC invocations=117 (full 1):
 garbage-first heap   total 345088K, used 269203K [0x0000000080000000, 0x0000000100000000)
  region size 1024K, 3 young (3072K), 3 survivors (3072K)
 Metaspace       used 192728K, capacity 200923K, committed 201164K, reserved 1222656K
  class space    used 24635K, capacity 27507K, committed 27596K, reserved 1048576K
}
Event: 7821.334 GC heap before
{Heap before GC invocations=117 (full 1):
 garbage-first heap   total 345088K, used 298899K [0x0000000080000000, 0x0000000100000000)
  region size 1024K, 26 young (26624K), 3 survivors (3072K)
 Metaspace       used 192735K, capacity 200923K, committed 201164K, reserved 1222656K
  class space    used 24636K, capacity 27507K, committed 27596K, reserved 1048576K
}
Event: 7821.341 GC heap after
{Heap after GC invocations=118 (full 1):
 garbage-first heap   total 345088K, used 276793K [0x0000000080000000, 0x0000000100000000)
  region size 1024K, 4 young (4096K), 4 survivors (4096K)
 Metaspace       used 192735K, capacity 200923K, committed 201164K, reserved 1222656K
  class space    used 24636K, capacity 27507K, committed 27596K, reserved 1048576K
}
Event: 7821.591 GC heap before
{Heap before GC invocations=119 (full 1):
 garbage-first heap   total 345088K, used 290105K [0x0000000080000000, 0x0000000100000000)
  region size 1024K, 24 young (24576K), 4 survivors (4096K)
 Metaspace       used 192773K, capacity 200927K, committed 201164K, reserved 1222656K
  class space    used 24636K, capacity 27507K, committed 27596K, reserved 1048576K
}
Event: 7821.608 GC heap after
{Heap after GC invocations=120 (full 1):
 garbage-first heap   total 414720K, used 272561K [0x0000000080000000, 0x0000000100000000)
  region size 1024K, 3 young (3072K), 3 survivors (3072K)
 Metaspace       used 192773K, capacity 200927K, committed 201164K, reserved 1222656K
  class space    used 24636K, capacity 27507K, committed 27596K, reserved 1048576K
}
Event: 7821.779 GC heap before
{Heap before GC invocations=120 (full 1):
 garbage-first heap   total 414720K, used 293041K [0x0000000080000000, 0x0000000100000000)
  region size 1024K, 20 young (20480K), 3 survivors (3072K)
 Metaspace       used 192780K, capacity 200927K, committed 201164K, reserved 1222656K
  class space    used 24636K, capacity 27507K, committed 27596K, reserved 1048576K
}
Event: 7821.797 GC heap after
{Heap after GC invocations=121 (full 1):
 garbage-first heap   total 414720K, used 267371K [0x0000000080000000, 0x0000000100000000)
  region size 1024K, 2 young (2048K), 2 survivors (2048K)
 Metaspace       used 192780K, capacity 200927K, committed 201164K, reserved 1222656K
  class space    used 24636K, capacity 27507K, committed 27596K, reserved 1048576K
}
Event: 7821.868 GC heap before
{Heap before GC invocations=121 (full 1):
 garbage-first heap   total 414720K, used 277611K [0x0000000080000000, 0x0000000100000000)
  region size 1024K, 14 young (14336K), 2 survivors (2048K)
 Metaspace       used 192794K, capacity 200941K, committed 201164K, reserved 1222656K
  class space    used 24638K, capacity 27512K, committed 27596K, reserved 1048576K
}
Event: 7821.876 GC heap after
{Heap after GC invocations=122 (full 1):
 garbage-first heap   total 414720K, used 269464K [0x0000000080000000, 0x0000000100000000)
  region size 1024K, 4 young (4096K), 4 survivors (4096K)
 Metaspace       used 192794K, capacity 200941K, committed 201164K, reserved 1222656K
  class space    used 24638K, capacity 27512K, committed 27596K, reserved 1048576K
}
Event: 7822.166 GC heap before
{Heap before GC invocations=122 (full 1):
 garbage-first heap   total 414720K, used 332952K [0x0000000080000000, 0x0000000100000000)
  region size 1024K, 61 young (62464K), 4 survivors (4096K)
 Metaspace       used 192815K, capacity 201010K, committed 201420K, reserved 1222656K
  class space    used 24638K, capacity 27512K, committed 27596K, reserved 1048576K
}
Event: 7822.179 GC heap after
{Heap after GC invocations=123 (full 1):
 garbage-first heap   total 414720K, used 283554K [0x0000000080000000, 0x0000000100000000)
  region size 1024K, 8 young (8192K), 8 survivors (8192K)
 Metaspace       used 192815K, capacity 201010K, committed 201420K, reserved 1222656K
  class space    used 24638K, capacity 27512K, committed 27596K, reserved 1048576K
}
Event: 7822.431 GC heap before
{Heap before GC invocations=124 (full 1):
 garbage-first heap   total 414720K, used 344994K [0x0000000080000000, 0x0000000100000000)
  region size 1024K, 59 young (60416K), 8 survivors (8192K)
 Metaspace       used 192931K, capacity 201100K, committed 201420K, reserved 1222656K
  class space    used 24638K, capacity 27512K, committed 27596K, reserved 1048576K
}

