# JRE version: OpenJDK Runtime Environment (11.0.10) (build 11.0.10+0-b96-7249189)
# Java VM: OpenJDK 64-Bit Server VM (11.0.10+0-b96-7249189, mixed mode, tiered, compressed oops, g1 gc, windows-amd64)
Heap:
 garbage-first heap   total 616448K, used 290425K [0x0000000080000000, 0x0000000100000000)
  region size 1024K, 4 young (4096K), 4 survivors (4096K)
 Metaspace       used 125162K, capacity 128846K, committed 129240K, reserved 1161216K
  class space    used 16102K, capacity 17465K, committed 17664K, reserved 1048576K
GC Heap History (20 events):
Event: 17.859 GC heap after
{Heap after GC invocations=29 (full 0):
 garbage-first heap   total 262144K, used 136850K [0x0000000080000000, 0x0000000100000000)
  region size 1024K, 2 young (2048K), 2 survivors (2048K)
 Metaspace       used 122737K, capacity 126277K, committed 127064K, reserved 1159168K
  class space    used 15909K, capacity 17216K, committed 17536K, reserved 1048576K
}
Event: 18.044 GC heap before
{Heap before GC invocations=29 (full 0):
 garbage-first heap   total 262144K, used 206482K [0x0000000080000000, 0x0000000100000000)
  region size 1024K, 71 young (72704K), 2 survivors (2048K)
 Metaspace       used 123183K, capacity 126710K, committed 127320K, reserved 1159168K
  class space    used 15914K, capacity 17220K, committed 17536K, reserved 1048576K
}
Event: 18.049 GC heap after
{Heap after GC invocations=30 (full 0):
 garbage-first heap   total 262144K, used 139259K [0x0000000080000000, 0x0000000100000000)
  region size 1024K, 4 young (4096K), 4 survivors (4096K)
 Metaspace       used 123183K, capacity 126710K, committed 127320K, reserved 1159168K
  class space    used 15914K, capacity 17220K, committed 17536K, reserved 1048576K
}
Event: 18.615 GC heap before
{Heap before GC invocations=31 (full 0):
 garbage-first heap   total 262144K, used 257019K [0x0000000080000000, 0x0000000100000000)
  region size 1024K, 87 young (89088K), 4 survivors (4096K)
 Metaspace       used 124452K, capacity 128135K, committed 128472K, reserved 1161216K
  class space    used 16079K, capacity 17458K, committed 17664K, reserved 1048576K
}
Event: 18.646 GC heap after
{Heap after GC invocations=32 (full 0):
 garbage-first heap   total 294912K, used 194436K [0x0000000080000000, 0x0000000100000000)
  region size 1024K, 11 young (11264K), 11 survivors (11264K)
 Metaspace       used 124452K, capacity 128135K, committed 128472K, reserved 1161216K
  class space    used 16079K, capacity 17458K, committed 17664K, reserved 1048576K
}
Event: 18.656 GC heap before
{Heap before GC invocations=32 (full 0):
 garbage-first heap   total 294912K, used 197508K [0x0000000080000000, 0x0000000100000000)
  region size 1024K, 14 young (14336K), 11 survivors (11264K)
 Metaspace       used 124463K, capacity 128135K, committed 128472K, reserved 1161216K
  class space    used 16079K, capacity 17458K, committed 17664K, reserved 1048576K
}
Event: 18.670 GC heap after
{Heap after GC invocations=33 (full 0):
 garbage-first heap   total 294912K, used 196843K [0x0000000080000000, 0x0000000100000000)
  region size 1024K, 2 young (2048K), 2 survivors (2048K)
 Metaspace       used 124463K, capacity 128135K, committed 128472K, reserved 1161216K
  class space    used 16079K, capacity 17458K, committed 17664K, reserved 1048576K
}
Event: 18.760 GC heap before
{Heap before GC invocations=33 (full 0):
 garbage-first heap   total 294912K, used 239851K [0x0000000080000000, 0x0000000100000000)
  region size 1024K, 45 young (46080K), 2 survivors (2048K)
 Metaspace       used 124544K, capacity 128209K, committed 128472K, reserved 1161216K
  class space    used 16080K, capacity 17458K, committed 17664K, reserved 1048576K
}
Event: 18.780 GC heap after
{Heap after GC invocations=34 (full 0):
 garbage-first heap   total 294912K, used 219859K [0x0000000080000000, 0x0000000100000000)
  region size 1024K, 6 young (6144K), 6 survivors (6144K)
 Metaspace       used 124544K, capacity 128209K, committed 128472K, reserved 1161216K
  class space    used 16080K, capacity 17458K, committed 17664K, reserved 1048576K
}
Event: 18.828 GC heap before
{Heap before GC invocations=34 (full 0):
 garbage-first heap   total 294912K, used 243411K [0x0000000080000000, 0x0000000100000000)
  region size 1024K, 29 young (29696K), 6 survivors (6144K)
 Metaspace       used 124545K, capacity 128209K, committed 128472K, reserved 1161216K
  class space    used 16080K, capacity 17458K, committed 17664K, reserved 1048576K
}
Event: 18.843 GC heap after
{Heap after GC invocations=35 (full 0):
 garbage-first heap   total 294912K, used 233782K [0x0000000080000000, 0x0000000100000000)
  region size 1024K, 4 young (4096K), 4 survivors (4096K)
 Metaspace       used 124545K, capacity 128209K, committed 128472K, reserved 1161216K
  class space    used 16080K, capacity 17458K, committed 17664K, reserved 1048576K
}
Event: 18.927 GC heap before
{Heap before GC invocations=35 (full 0):
 garbage-first heap   total 294912K, used 248118K [0x0000000080000000, 0x0000000100000000)
  region size 1024K, 18 young (18432K), 4 survivors (4096K)
 Metaspace       used 124653K, capacity 128353K, committed 128728K, reserved 1161216K
  class space    used 16087K, capacity 17461K, committed 17664K, reserved 1048576K
}
Event: 18.939 GC heap after
{Heap after GC invocations=36 (full 0):
 garbage-first heap   total 461824K, used 239900K [0x0000000080000000, 0x0000000100000000)
  region size 1024K, 3 young (3072K), 3 survivors (3072K)
 Metaspace       used 124653K, capacity 128353K, committed 128728K, reserved 1161216K
  class space    used 16087K, capacity 17461K, committed 17664K, reserved 1048576K
}
Event: 19.522 GC heap before
{Heap before GC invocations=37 (full 0):
 garbage-first heap   total 461824K, used 334108K [0x0000000080000000, 0x0000000100000000)
  region size 1024K, 91 young (93184K), 3 survivors (3072K)
 Metaspace       used 124878K, capacity 128592K, committed 128984K, reserved 1161216K
  class space    used 16095K, capacity 17457K, committed 17664K, reserved 1048576K
}
Event: 19.542 GC heap after
{Heap after GC invocations=38 (full 0):
 garbage-first heap   total 461824K, used 253373K [0x0000000080000000, 0x0000000100000000)
  region size 1024K, 12 young (12288K), 12 survivors (12288K)
 Metaspace       used 124878K, capacity 128592K, committed 128984K, reserved 1161216K
  class space    used 16095K, capacity 17457K, committed 17664K, reserved 1048576K
}
Event: 19.612 GC heap before
{Heap before GC invocations=38 (full 0):
 garbage-first heap   total 461824K, used 264637K [0x0000000080000000, 0x0000000100000000)
  region size 1024K, 22 young (22528K), 12 survivors (12288K)
 Metaspace       used 124882K, capacity 128592K, committed 128984K, reserved 1161216K
  class space    used 16095K, capacity 17457K, committed 17664K, reserved 1048576K
}
Event: 19.630 GC heap after
{Heap after GC invocations=39 (full 0):
 garbage-first heap   total 461824K, used 256282K [0x0000000080000000, 0x0000000100000000)
  region size 1024K, 2 young (2048K), 2 survivors (2048K)
 Metaspace       used 124882K, capacity 128592K, committed 128984K, reserved 1161216K
  class space    used 16095K, capacity 17457K, committed 17664K, reserved 1048576K
}
Event: 20.498 GC heap before
{Heap before GC invocations=39 (full 0):
 garbage-first heap   total 461824K, used 364826K [0x0000000080000000, 0x0000000100000000)
  region size 1024K, 89 young (91136K), 2 survivors (2048K)
 Metaspace       used 125043K, capacity 128756K, committed 128984K, reserved 1161216K
  class space    used 16102K, capacity 17465K, committed 17664K, reserved 1048576K
}
Event: 20.510 GC heap after
{Heap after GC invocations=40 (full 0):
 garbage-first heap   total 461824K, used 287613K [0x0000000080000000, 0x0000000100000000)
  region size 1024K, 12 young (12288K), 12 survivors (12288K)
 Metaspace       used 125043K, capacity 128756K, committed 128984K, reserved 1161216K
  class space    used 16102K, capacity 17465K, committed 17664K, reserved 1048576K
}
Event: 20.923 GC heap before
{Heap before GC invocations=41 (full 0):
 garbage-first heap   total 461824K, used 362365K [0x0000000080000000, 0x0000000100000000)
  region size 1024K, 86 young (88064K), 12 survivors (12288K)
 Metaspace       used 125162K, capacity 128846K, committed 129240K, reserved 1161216K
  class space    used 16102K, capacity 17465K, committed 17664K, reserved 1048576K
}

